2018-09-28 11:06:48.59 - info: GET https://api.weixin.qq.com/cgi-bin/token a046021f-68b9-442b-b918-eb6b23e2292b { grant_type: 'client_credential',
  appid: 'wx415d02aefb8084fa',
  secret: 'a36de4248e6f08b3e2d06ef21c8bf768' } 
2018-09-28 11:06:48.75 - info: a046021f-68b9-442b-b918-eb6b23e2292b {"errcode":40164,"errmsg":"invalid ip 180.169.225.242, not in whitelist hint: [00082790]"}
2018-09-28 11:06:48.76 - info: GET https://api.weixin.qq.com/cgi-bin/ticket/getticket fb50b4b2-d72f-4bc3-8a83-00ba5f71786e { access_token: undefined, type: 'jsapi' } 
2018-09-28 11:06:48.83 - info: fb50b4b2-d72f-4bc3-8a83-00ba5f71786e {"errcode":41001,"errmsg":"access_token missing hint: [empwbA0008vr60!]"}
2018-09-28 11:14:23.77 - info: GET https://api.weixin.qq.com/cgi-bin/token 1236e250-a7bf-4233-ac71-827e71aebee4 { grant_type: 'client_credential',
  appid: 'wx415d02aefb8084fa',
  secret: 'a36de4248e6f08b3e2d06ef21c8bf768' } 
2018-09-28 11:14:24.18 - info: 1236e250-a7bf-4233-ac71-827e71aebee4 {"access_token":"14_YDXRi5jTJweAd1C37G5t9Zq-G2NDil4hRqN4N1BCIuR3ZnLnGvJIb2FUq1VrSzVBQKEiPO2AxdiNOYwgMUUaf-GHPZ48bmdRnToWUiEXVvem3OAPyasOEOImsxn4jNZ-eDrjUzyH82s5uwmHGIKfAEAZBD","expires_in":7200}
2018-09-28 11:14:24.19 - info: GET https://api.weixin.qq.com/cgi-bin/ticket/getticket 30bac7fa-d34a-4b79-b8a1-ca4d56bb4de1 { access_token: '14_YDXRi5jTJweAd1C37G5t9Zq-G2NDil4hRqN4N1BCIuR3ZnLnGvJIb2FUq1VrSzVBQKEiPO2AxdiNOYwgMUUaf-GHPZ48bmdRnToWUiEXVvem3OAPyasOEOImsxn4jNZ-eDrjUzyH82s5uwmHGIKfAEAZBD',
  type: 'jsapi' } 
2018-09-28 11:14:24.27 - info: 30bac7fa-d34a-4b79-b8a1-ca4d56bb4de1 {"errcode":0,"errmsg":"ok","ticket":"HoagFKDcsGMVCIY2vOjf9v9R8dlk8IubpCPm4rBDFYPMItq4eLyXucVQ6mWQnvrSEEB8v__COyiIbzqiGIcKrw","expires_in":7200}
2018-09-28 13:39:00.48 - info: GET https://api.weixin.qq.com/cgi-bin/token 43ca6725-efa2-42f3-b280-1dbd41c85ee0 { grant_type: 'client_credential',
  appid: 'wx415d02aefb8084fa',
  secret: 'a36de4248e6f08b3e2d06ef21c8bf768' } 
2018-09-28 13:39:00.74 - info: 43ca6725-efa2-42f3-b280-1dbd41c85ee0 {"access_token":"14_-9yCgPriUKjm_wpT-q8uCq1uSa_13dCgDvhbvEosFJ34be-wvwsuzEbph6L5rb9gukJAJ697kZ7TauJksJ3QxTvxl107E9X38nj4t2hwAaLrALblefLvf3xpKfJ4Y5hdMBBKXz8NyVwow854VTViACARPR","expires_in":7200}
2018-09-28 13:39:00.74 - info: GET https://api.weixin.qq.com/cgi-bin/ticket/getticket dd2c51f3-54bb-40ce-b524-b9c064ea8f33 { access_token: '14_-9yCgPriUKjm_wpT-q8uCq1uSa_13dCgDvhbvEosFJ34be-wvwsuzEbph6L5rb9gukJAJ697kZ7TauJksJ3QxTvxl107E9X38nj4t2hwAaLrALblefLvf3xpKfJ4Y5hdMBBKXz8NyVwow854VTViACARPR',
  type: 'jsapi' } 
2018-09-28 13:39:00.84 - info: dd2c51f3-54bb-40ce-b524-b9c064ea8f33 {"errcode":0,"errmsg":"ok","ticket":"HoagFKDcsGMVCIY2vOjf9v9R8dlk8IubpCPm4rBDFYMfntYLw7a4U97iejVe-Gx9Vi2rENgppyX6Z5pfjisgew","expires_in":7200}
